\BOOKMARK [1][-]{section.1}{\376\377\000H\000o\000m\000e\000w\000o\000r\000k\000\040\0001}{}% 1
\BOOKMARK [2][-]{subsection.1.1}{\376\377\000E\000x\000e\000r\000c\000i\000s\000e\000\040\0002\000.\0001}{section.1}% 2
\BOOKMARK [2][-]{subsection.1.2}{\376\377\000E\000x\000e\000r\000c\000i\000s\000e\000\040\0002\000.\0002}{section.1}% 3
\BOOKMARK [2][-]{subsection.1.3}{\376\377\000E\000x\000e\000r\000c\000i\000s\000e\000\040\0002\000.\0005}{section.1}% 4
\BOOKMARK [2][-]{subsection.1.4}{\376\377\000E\000x\000e\000r\000c\000i\000s\000e\000\040\0002\000.\0007}{section.1}% 5
\BOOKMARK [2][-]{subsection.1.5}{\376\377\000E\000x\000e\000r\000c\000i\000s\000e\000\040\0002\000.\0008}{section.1}% 6
\BOOKMARK [3][-]{subsubsection.1.5.1}{\376\377\000a}{subsection.1.5}% 7
\BOOKMARK [3][-]{subsubsection.1.5.2}{\376\377\000b}{subsection.1.5}% 8
\BOOKMARK [3][-]{subsubsection.1.5.3}{\376\377\000c}{subsection.1.5}% 9
\BOOKMARK [3][-]{subsubsection.1.5.4}{\376\377\000d}{subsection.1.5}% 10
\BOOKMARK [2][-]{subsection.1.6}{\376\377\000E\000x\000e\000r\000c\000i\000s\000e\000\040\0002\000.\0001\0001}{section.1}% 11
\BOOKMARK [2][-]{subsection.1.7}{\376\377\000E\000x\000e\000r\000c\000i\000s\000e\000\040\0002\000.\0001\0002}{section.1}% 12
\BOOKMARK [3][-]{subsubsection.1.7.1}{\376\377\000a\000.\000\040\000s\000l\000a\000b}{subsection.1.7}% 13
\BOOKMARK [3][-]{subsubsection.1.7.2}{\376\377\000b\000.\000\040\000r\000e\000c\000t\000a\000n\000g\000l\000e}{subsection.1.7}% 14
\BOOKMARK [3][-]{subsubsection.1.7.3}{\376\377\000c\000.\000\040\000w\000e\000d\000g\000e}{subsection.1.7}% 15
\BOOKMARK [3][-]{subsubsection.1.7.4}{\376\377\000d\000.\000\040\000p\000o\000i\000n\000t\000-\000s\000e\000t\000\040\000d\000i\000s\000t\000a\000n\000c\000e}{subsection.1.7}% 16
\BOOKMARK [3][-]{subsubsection.1.7.5}{\376\377\000e\000.\000\040\000s\000e\000t\000-\000s\000e\000t\000\040\000d\000i\000s\000t\000a\000n\000c\000e}{subsection.1.7}% 17
\BOOKMARK [3][-]{subsubsection.1.7.6}{\376\377\000f\000.\000\040\000a\000f\000f\000i\000n\000e\000\040\000s\000e\000t\000\040\000c\000o\000m\000b\000o}{subsection.1.7}% 18
\BOOKMARK [3][-]{subsubsection.1.7.7}{\376\377\000g\000.\000\040\000f\000r\000a\000c\000t\000i\000o\000n\000\040\000d\000i\000s\000t\000a\000n\000c\000e}{subsection.1.7}% 19
\BOOKMARK [2][-]{subsection.1.8}{\376\377\000E\000x\000e\000r\000c\000i\000s\000e\000\040\0002\000.\0001\0005}{section.1}% 20
\BOOKMARK [3][-]{subsubsection.1.8.1}{\376\377\000a\000.\000\040\000b\000o\000u\000n\000d\000e\000d\000\040\000e\000x\000p\000e\000c\000t\000a\000t\000i\000o\000n}{subsection.1.8}% 21
\BOOKMARK [3][-]{subsubsection.1.8.2}{\376\377\000b\000.\000\040\000p\000r\000o\000b\000\040\000a\000\040\000a\000n\000d\000\040\000b}{subsection.1.8}% 22
\BOOKMARK [1][-]{section.2}{\376\377\000H\000o\000m\000e\000w\000o\000r\000k\000\040\0002}{}% 23
\BOOKMARK [2][-]{subsection.2.1}{\376\377\000E\000x\000e\000r\000c\000i\000s\000e\000\040\0002\000.\0002\0008}{section.2}% 24
\BOOKMARK [3][-]{subsubsection.2.1.1}{\376\377\000n\000=\0001}{subsection.2.1}% 25
\BOOKMARK [3][-]{subsubsection.2.1.2}{\376\377\000n\000=\0002}{subsection.2.1}% 26
\BOOKMARK [3][-]{subsubsection.2.1.3}{\376\377\000n\000=\0003}{subsection.2.1}% 27
\BOOKMARK [2][-]{subsection.2.2}{\376\377\000E\000x\000e\000r\000c\000i\000s\000e\000\040\0002\000.\0003\0003}{section.2}% 28
\BOOKMARK [3][-]{subsubsection.2.2.1}{\376\377\000p\000a\000r\000t\000\040\000a}{subsection.2.2}% 29
\BOOKMARK [3][-]{subsubsection.2.2.2}{\376\377\000p\000a\000r\000t\000\040\000b}{subsection.2.2}% 30
\BOOKMARK [2][-]{subsection.2.3}{\376\377\000E\000x\000e\000r\000c\000i\000s\000e\000\040\0003\000.\0002}{section.2}% 31
\BOOKMARK [2][-]{subsection.2.4}{\376\377\000E\000x\000e\000r\000c\000i\000s\000e\000\040\0003\000.\0005}{section.2}% 32
\BOOKMARK [2][-]{subsection.2.5}{\376\377\000E\000x\000e\000r\000c\000i\000s\000e\000\040\0003\000.\0006}{section.2}% 33
\BOOKMARK [2][-]{subsection.2.6}{\376\377\000E\000x\000e\000r\000c\000i\000s\000e\000\040\0003\000.\0001\0005}{section.2}% 34
\BOOKMARK [2][-]{subsection.2.7}{\376\377\000E\000x\000e\000r\000c\000i\000s\000e\000\040\0003\000.\0001\0006}{section.2}% 35
\BOOKMARK [2][-]{subsection.2.8}{\376\377\000E\000x\000e\000r\000c\000i\000s\000e\000\040\0003\000.\0001\0008}{section.2}% 36
\BOOKMARK [2][-]{subsection.2.9}{\376\377\000E\000x\000e\000r\000c\000i\000s\000e\000\040\0003\000.\0002\0004}{section.2}% 37
\BOOKMARK [2][-]{subsection.2.10}{\376\377\000E\000x\000e\000r\000c\000i\000s\000e\000\040\0003\000.\0003\0006}{section.2}% 38
